{"/Users/Welly/Desktop/react-cool-starter/src/components/UserCard/index.js": {"path":"/Users/Welly/Desktop/react-cool-starter/src/components/UserCard/index.js","statementMap":{"0":{"start":{"line":7,"column":17},"end":{"line":17,"column":1}},"1":{"start":{"line":8,"column":2},"end":{"line":16,"column":8}},"2":{"start":{"line":19,"column":0},"end":{"line":26,"column":2}}},"fnMap":{"0":{"name":"(anonymous_0)","decl":{"start":{"line":7,"column":17},"end":{"line":7,"column":18}},"loc":{"start":{"line":8,"column":2},"end":{"line":16,"column":8}}}},"branchMap":{},"s":{"0":2,"1":2,"2":2},"f":{"0":2},"b":{},"_coverageSchema":"332fd63041d2c1bcb487cc26dd0d5f7d97098a6c","hash":"7dd415ec078b6c64907b005d889f0701a02873db"}
,"/Users/Welly/Desktop/react-cool-starter/src/components/UserList/index.js": {"path":"/Users/Welly/Desktop/react-cool-starter/src/components/UserList/index.js","statementMap":{"0":{"start":{"line":8,"column":17},"end":{"line":19,"column":1}},"1":{"start":{"line":9,"column":2},"end":{"line":18,"column":8}},"2":{"start":{"line":13,"column":8},"end":{"line":15,"column":13}},"3":{"start":{"line":21,"column":0},"end":{"line":26,"column":2}}},"fnMap":{"0":{"name":"(anonymous_0)","decl":{"start":{"line":8,"column":17},"end":{"line":8,"column":18}},"loc":{"start":{"line":9,"column":2},"end":{"line":18,"column":8}}},"1":{"name":"(anonymous_1)","decl":{"start":{"line":12,"column":16},"end":{"line":12,"column":17}},"loc":{"start":{"line":13,"column":8},"end":{"line":15,"column":13}}}},"branchMap":{},"s":{"0":2,"1":2,"2":2,"3":2},"f":{"0":2,"1":2},"b":{},"_coverageSchema":"332fd63041d2c1bcb487cc26dd0d5f7d97098a6c","hash":"c20e3141ba6672873117ccb646bfb102bee2e926"}
,"/Users/Welly/Desktop/react-cool-starter/src/containers/App/index.js": {"path":"/Users/Welly/Desktop/react-cool-starter/src/containers/App/index.js","statementMap":{"0":{"start":{"line":16,"column":29},"end":{"line":26,"column":3}},"1":{"start":{"line":17,"column":4},"end":{"line":25,"column":6}},"2":{"start":{"line":23,"column":8},"end":{"line":23,"column":60}},"3":{"start":{"line":28,"column":2},"end":{"line":40,"column":4}},"4":{"start":{"line":37,"column":29},"end":{"line":37,"column":54}}},"fnMap":{"0":{"name":"(anonymous_0)","decl":{"start":{"line":14,"column":15},"end":{"line":14,"column":16}},"loc":{"start":{"line":14,"column":38},"end":{"line":41,"column":1}}},"1":{"name":"(anonymous_1)","decl":{"start":{"line":16,"column":29},"end":{"line":16,"column":30}},"loc":{"start":{"line":17,"column":4},"end":{"line":25,"column":6}}},"2":{"name":"(anonymous_2)","decl":{"start":{"line":21,"column":14},"end":{"line":21,"column":15}},"loc":{"start":{"line":23,"column":8},"end":{"line":23,"column":60}}},"3":{"name":"(anonymous_3)","decl":{"start":{"line":37,"column":20},"end":{"line":37,"column":21}},"loc":{"start":{"line":37,"column":29},"end":{"line":37,"column":54}}}},"branchMap":{"0":{"loc":{"start":{"line":19,"column":13},"end":{"line":19,"column":33}},"type":"binary-expr","locations":[{"start":{"line":19,"column":13},"end":{"line":19,"column":24}},{"start":{"line":19,"column":28},"end":{"line":19,"column":33}}]}},"s":{"0":1,"1":1,"2":1,"3":1,"4":1},"f":{"0":1,"1":1,"2":1,"3":1},"b":{"0":[1,0]},"_coverageSchema":"332fd63041d2c1bcb487cc26dd0d5f7d97098a6c","hash":"5bf095842cefe43eb24d38ecad3cdafc6d10d438"}
,"/Users/Welly/Desktop/react-cool-starter/src/containers/Home/action.js": {"path":"/Users/Welly/Desktop/react-cool-starter/src/containers/Home/action.js","statementMap":{"0":{"start":{"line":10,"column":29},"end":{"line":10,"column":44}},"1":{"start":{"line":11,"column":32},"end":{"line":11,"column":50}},"2":{"start":{"line":12,"column":29},"end":{"line":12,"column":44}},"3":{"start":{"line":13,"column":29},"end":{"line":13,"column":44}},"4":{"start":{"line":15,"column":23},"end":{"line":15,"column":67}},"5":{"start":{"line":18,"column":26},"end":{"line":29,"column":3}},"6":{"start":{"line":19,"column":2},"end":{"line":29,"column":3}},"7":{"start":{"line":20,"column":4},"end":{"line":20,"column":41}},"8":{"start":{"line":22,"column":4},"end":{"line":28,"column":9}},"9":{"start":{"line":24,"column":8},"end":{"line":24,"column":58}},"10":{"start":{"line":27,"column":8},"end":{"line":27,"column":47}},"11":{"start":{"line":46,"column":34},"end":{"line":56,"column":3}},"12":{"start":{"line":47,"column":2},"end":{"line":56,"column":3}}},"fnMap":{"0":{"name":"(anonymous_0)","decl":{"start":{"line":18,"column":26},"end":{"line":18,"column":27}},"loc":{"start":{"line":19,"column":2},"end":{"line":29,"column":3}}},"1":{"name":"(anonymous_1)","decl":{"start":{"line":19,"column":2},"end":{"line":19,"column":3}},"loc":{"start":{"line":19,"column":26},"end":{"line":29,"column":3}}},"2":{"name":"(anonymous_2)","decl":{"start":{"line":23,"column":12},"end":{"line":23,"column":13}},"loc":{"start":{"line":23,"column":21},"end":{"line":25,"column":7}}},"3":{"name":"(anonymous_3)","decl":{"start":{"line":26,"column":13},"end":{"line":26,"column":14}},"loc":{"start":{"line":26,"column":22},"end":{"line":28,"column":7}}},"4":{"name":"(anonymous_4)","decl":{"start":{"line":46,"column":34},"end":{"line":46,"column":35}},"loc":{"start":{"line":47,"column":2},"end":{"line":56,"column":3}}},"5":{"name":"(anonymous_5)","decl":{"start":{"line":47,"column":2},"end":{"line":47,"column":3}},"loc":{"start":{"line":47,"column":58},"end":{"line":56,"column":3}}}},"branchMap":{},"s":{"0":3,"1":3,"2":3,"3":3,"4":3,"5":3,"6":2,"7":2,"8":2,"9":0,"10":0,"11":3,"12":0},"f":{"0":2,"1":2,"2":0,"3":0,"4":0,"5":0},"b":{},"_coverageSchema":"332fd63041d2c1bcb487cc26dd0d5f7d97098a6c","hash":"0cb320669a650a4e3d462225ec50accdebf9f250"}
,"/Users/Welly/Desktop/react-cool-starter/src/containers/Home/index.js": {"path":"/Users/Welly/Desktop/react-cool-starter/src/containers/Home/index.js","statementMap":{"0":{"start":{"line":38,"column":21},"end":{"line":38,"column":31}},"1":{"start":{"line":40,"column":4},"end":{"line":43,"column":5}},"2":{"start":{"line":42,"column":6},"end":{"line":42,"column":31}},"3":{"start":{"line":45,"column":4},"end":{"line":47,"column":5}},"4":{"start":{"line":46,"column":6},"end":{"line":46,"column":47}},"5":{"start":{"line":49,"column":4},"end":{"line":49,"column":41}},"6":{"start":{"line":63,"column":40},"end":{"line":68,"column":1}},"7":{"start":{"line":64,"column":26},"end":{"line":64,"column":34}},"8":{"start":{"line":65,"column":27},"end":{"line":67,"column":3}},"9":{"start":{"line":66,"column":30},"end":{"line":66,"column":67}}},"fnMap":{"0":{"name":"(anonymous_0)","decl":{"start":{"line":37,"column":19},"end":{"line":37,"column":20}},"loc":{"start":{"line":37,"column":25},"end":{"line":50,"column":3}}},"1":{"name":"(anonymous_1)","decl":{"start":{"line":64,"column":2},"end":{"line":64,"column":3}},"loc":{"start":{"line":64,"column":26},"end":{"line":64,"column":34}}},"2":{"name":"(anonymous_2)","decl":{"start":{"line":65,"column":2},"end":{"line":65,"column":3}},"loc":{"start":{"line":65,"column":27},"end":{"line":67,"column":3}}},"3":{"name":"(anonymous_3)","decl":{"start":{"line":66,"column":24},"end":{"line":66,"column":25}},"loc":{"start":{"line":66,"column":30},"end":{"line":66,"column":67}}}},"branchMap":{"0":{"loc":{"start":{"line":40,"column":4},"end":{"line":43,"column":5}},"type":"if","locations":[{"start":{"line":40,"column":4},"end":{"line":43,"column":5}},{"start":{"line":40,"column":4},"end":{"line":43,"column":5}}]},"1":{"loc":{"start":{"line":40,"column":8},"end":{"line":41,"column":50}},"type":"binary-expr","locations":[{"start":{"line":40,"column":8},"end":{"line":40,"column":25}},{"start":{"line":40,"column":29},"end":{"line":40,"column":70}},{"start":{"line":41,"column":6},"end":{"line":41,"column":50}}]},"2":{"loc":{"start":{"line":45,"column":4},"end":{"line":47,"column":5}},"type":"if","locations":[{"start":{"line":45,"column":4},"end":{"line":47,"column":5}},{"start":{"line":45,"column":4},"end":{"line":47,"column":5}}]}},"s":{"0":5,"1":5,"2":3,"3":2,"4":1,"5":1,"6":1,"7":0,"8":0,"9":0},"f":{"0":5,"1":0,"2":0,"3":0},"b":{"0":[3,2],"1":[5,4,3],"2":[1,1]},"_coverageSchema":"332fd63041d2c1bcb487cc26dd0d5f7d97098a6c","hash":"842a2b175948f18777146c95a9ecf5755fc1b7af"}
,"/Users/Welly/Desktop/react-cool-starter/src/containers/Home/reducer.js": {"path":"/Users/Welly/Desktop/react-cool-starter/src/containers/Home/reducer.js","statementMap":{"0":{"start":{"line":15,"column":21},"end":{"line":19,"column":1}},"1":{"start":{"line":22,"column":2},"end":{"line":37,"column":3}},"2":{"start":{"line":24,"column":6},"end":{"line":24,"column":68}},"3":{"start":{"line":26,"column":6},"end":{"line":29,"column":9}},"4":{"start":{"line":31,"column":6},"end":{"line":34,"column":9}},"5":{"start":{"line":36,"column":6},"end":{"line":36,"column":19}}},"fnMap":{"0":{"name":"(anonymous_0)","decl":{"start":{"line":21,"column":15},"end":{"line":21,"column":16}},"loc":{"start":{"line":21,"column":71},"end":{"line":38,"column":1}}}},"branchMap":{"0":{"loc":{"start":{"line":21,"column":16},"end":{"line":21,"column":43}},"type":"default-arg","locations":[{"start":{"line":21,"column":31},"end":{"line":21,"column":43}}]},"1":{"loc":{"start":{"line":22,"column":2},"end":{"line":37,"column":3}},"type":"switch","locations":[{"start":{"line":23,"column":4},"end":{"line":24,"column":68}},{"start":{"line":25,"column":4},"end":{"line":29,"column":9}},{"start":{"line":30,"column":4},"end":{"line":34,"column":9}},{"start":{"line":35,"column":4},"end":{"line":36,"column":19}}]}},"s":{"0":1,"1":4,"2":1,"3":1,"4":1,"5":1},"f":{"0":4},"b":{"0":[4],"1":[1,1,1,1]},"_coverageSchema":"332fd63041d2c1bcb487cc26dd0d5f7d97098a6c","hash":"06de30eb2d9debd155cc672958b96b69ef2afeda"}
,"/Users/Welly/Desktop/react-cool-starter/src/containers/NotFound/index.js": {"path":"/Users/Welly/Desktop/react-cool-starter/src/containers/NotFound/index.js","statementMap":{"0":{"start":{"line":9,"column":2},"end":{"line":12,"column":8}}},"fnMap":{"0":{"name":"(anonymous_0)","decl":{"start":{"line":8,"column":15},"end":{"line":8,"column":16}},"loc":{"start":{"line":9,"column":2},"end":{"line":12,"column":8}}}},"branchMap":{},"s":{"0":1},"f":{"0":1},"b":{},"_coverageSchema":"332fd63041d2c1bcb487cc26dd0d5f7d97098a6c","hash":"18a6290571d1c0718dc2356c5ae8077579e2718c"}
,"/Users/Welly/Desktop/react-cool-starter/src/containers/UserInfo/action.js": {"path":"/Users/Welly/Desktop/react-cool-starter/src/containers/UserInfo/action.js","statementMap":{"0":{"start":{"line":10,"column":31},"end":{"line":10,"column":48}},"1":{"start":{"line":11,"column":28},"end":{"line":11,"column":42}},"2":{"start":{"line":12,"column":28},"end":{"line":12,"column":42}},"3":{"start":{"line":14,"column":23},"end":{"line":14,"column":67}},"4":{"start":{"line":17,"column":25},"end":{"line":28,"column":3}},"5":{"start":{"line":18,"column":2},"end":{"line":28,"column":3}},"6":{"start":{"line":19,"column":4},"end":{"line":19,"column":48}},"7":{"start":{"line":21,"column":4},"end":{"line":27,"column":9}},"8":{"start":{"line":23,"column":8},"end":{"line":23,"column":65}},"9":{"start":{"line":26,"column":8},"end":{"line":26,"column":54}},"10":{"start":{"line":46,"column":33},"end":{"line":56,"column":3}},"11":{"start":{"line":47,"column":2},"end":{"line":56,"column":3}}},"fnMap":{"0":{"name":"(anonymous_0)","decl":{"start":{"line":17,"column":25},"end":{"line":17,"column":26}},"loc":{"start":{"line":18,"column":2},"end":{"line":28,"column":3}}},"1":{"name":"(anonymous_1)","decl":{"start":{"line":18,"column":2},"end":{"line":18,"column":3}},"loc":{"start":{"line":18,"column":26},"end":{"line":28,"column":3}}},"2":{"name":"(anonymous_2)","decl":{"start":{"line":22,"column":12},"end":{"line":22,"column":13}},"loc":{"start":{"line":22,"column":21},"end":{"line":24,"column":7}}},"3":{"name":"(anonymous_3)","decl":{"start":{"line":25,"column":13},"end":{"line":25,"column":14}},"loc":{"start":{"line":25,"column":22},"end":{"line":27,"column":7}}},"4":{"name":"(anonymous_4)","decl":{"start":{"line":46,"column":33},"end":{"line":46,"column":34}},"loc":{"start":{"line":47,"column":2},"end":{"line":56,"column":3}}},"5":{"name":"(anonymous_5)","decl":{"start":{"line":47,"column":2},"end":{"line":47,"column":3}},"loc":{"start":{"line":47,"column":58},"end":{"line":56,"column":3}}}},"branchMap":{},"s":{"0":3,"1":3,"2":3,"3":3,"4":3,"5":2,"6":2,"7":2,"8":0,"9":0,"10":3,"11":0},"f":{"0":2,"1":2,"2":0,"3":0,"4":0,"5":0},"b":{},"_coverageSchema":"332fd63041d2c1bcb487cc26dd0d5f7d97098a6c","hash":"a4dfc295c8bb693d3f7d5f074ef10d562341bd4e"}
,"/Users/Welly/Desktop/react-cool-starter/src/containers/UserInfo/index.js": {"path":"/Users/Welly/Desktop/react-cool-starter/src/containers/UserInfo/index.js","statementMap":{"0":{"start":{"line":31,"column":53},"end":{"line":31,"column":63}},"1":{"start":{"line":33,"column":4},"end":{"line":33,"column":33}},"2":{"start":{"line":37,"column":44},"end":{"line":37,"column":54}},"3":{"start":{"line":38,"column":25},"end":{"line":38,"column":44}},"4":{"start":{"line":40,"column":4},"end":{"line":42,"column":5}},"5":{"start":{"line":41,"column":6},"end":{"line":41,"column":31}},"6":{"start":{"line":44,"column":4},"end":{"line":46,"column":5}},"7":{"start":{"line":45,"column":6},"end":{"line":45,"column":47}},"8":{"start":{"line":48,"column":4},"end":{"line":48,"column":49}},"9":{"start":{"line":52,"column":4},"end":{"line":57,"column":6}},"10":{"start":{"line":61,"column":40},"end":{"line":66,"column":1}},"11":{"start":{"line":62,"column":30},"end":{"line":62,"column":42}},"12":{"start":{"line":63,"column":27},"end":{"line":65,"column":3}},"13":{"start":{"line":64,"column":39},"end":{"line":64,"column":77}}},"fnMap":{"0":{"name":"(anonymous_0)","decl":{"start":{"line":30,"column":2},"end":{"line":30,"column":3}},"loc":{"start":{"line":30,"column":22},"end":{"line":34,"column":3}}},"1":{"name":"(anonymous_1)","decl":{"start":{"line":36,"column":19},"end":{"line":36,"column":20}},"loc":{"start":{"line":36,"column":25},"end":{"line":49,"column":3}}},"2":{"name":"(anonymous_2)","decl":{"start":{"line":51,"column":2},"end":{"line":51,"column":3}},"loc":{"start":{"line":51,"column":11},"end":{"line":58,"column":3}}},"3":{"name":"(anonymous_3)","decl":{"start":{"line":62,"column":2},"end":{"line":62,"column":3}},"loc":{"start":{"line":62,"column":30},"end":{"line":62,"column":42}}},"4":{"name":"(anonymous_4)","decl":{"start":{"line":63,"column":2},"end":{"line":63,"column":3}},"loc":{"start":{"line":63,"column":27},"end":{"line":65,"column":3}}},"5":{"name":"(anonymous_5)","decl":{"start":{"line":64,"column":23},"end":{"line":64,"column":24}},"loc":{"start":{"line":64,"column":39},"end":{"line":64,"column":77}}}},"branchMap":{"0":{"loc":{"start":{"line":40,"column":4},"end":{"line":42,"column":5}},"type":"if","locations":[{"start":{"line":40,"column":4},"end":{"line":42,"column":5}},{"start":{"line":40,"column":4},"end":{"line":42,"column":5}}]},"1":{"loc":{"start":{"line":40,"column":8},"end":{"line":40,"column":76}},"type":"binary-expr","locations":[{"start":{"line":40,"column":8},"end":{"line":40,"column":21}},{"start":{"line":40,"column":25},"end":{"line":40,"column":76}}]},"2":{"loc":{"start":{"line":44,"column":4},"end":{"line":46,"column":5}},"type":"if","locations":[{"start":{"line":44,"column":4},"end":{"line":46,"column":5}},{"start":{"line":44,"column":4},"end":{"line":46,"column":5}}]}},"s":{"0":5,"1":5,"2":5,"3":5,"4":5,"5":3,"6":2,"7":1,"8":1,"9":5,"10":1,"11":0,"12":0,"13":0},"f":{"0":5,"1":5,"2":5,"3":0,"4":0,"5":0},"b":{"0":[3,2],"1":[5,3],"2":[1,1]},"_coverageSchema":"332fd63041d2c1bcb487cc26dd0d5f7d97098a6c","hash":"98ae1e320b92a80b1cb38c70f4fcd7f0f92b6b3c"}
,"/Users/Welly/Desktop/react-cool-starter/src/containers/UserInfo/reducer.js": {"path":"/Users/Welly/Desktop/react-cool-starter/src/containers/UserInfo/reducer.js","statementMap":{"0":{"start":{"line":15,"column":2},"end":{"line":38,"column":3}},"1":{"start":{"line":17,"column":6},"end":{"line":21,"column":9}},"2":{"start":{"line":23,"column":6},"end":{"line":28,"column":9}},"3":{"start":{"line":30,"column":6},"end":{"line":35,"column":9}},"4":{"start":{"line":37,"column":6},"end":{"line":37,"column":19}}},"fnMap":{"0":{"name":"(anonymous_0)","decl":{"start":{"line":14,"column":15},"end":{"line":14,"column":16}},"loc":{"start":{"line":14,"column":61},"end":{"line":39,"column":1}}}},"branchMap":{"0":{"loc":{"start":{"line":14,"column":16},"end":{"line":14,"column":33}},"type":"default-arg","locations":[{"start":{"line":14,"column":31},"end":{"line":14,"column":33}}]},"1":{"loc":{"start":{"line":15,"column":2},"end":{"line":38,"column":3}},"type":"switch","locations":[{"start":{"line":16,"column":4},"end":{"line":21,"column":9}},{"start":{"line":22,"column":4},"end":{"line":28,"column":9}},{"start":{"line":29,"column":4},"end":{"line":35,"column":9}},{"start":{"line":36,"column":4},"end":{"line":37,"column":19}}]}},"s":{"0":4,"1":1,"2":1,"3":1,"4":1},"f":{"0":4},"b":{"0":[4],"1":[1,1,1,1]},"_coverageSchema":"332fd63041d2c1bcb487cc26dd0d5f7d97098a6c","hash":"5fdf8d4be1c9b1dbbb1fd9c903ca56639be06c47"}
}
