TN:
SF:/Users/Welly/Desktop/react-cool-starter/src/components/UserCard/index.js
FN:7,(anonymous_0)
FNF:1
FNH:1
FNDA:2,(anonymous_0)
DA:7,2
DA:8,2
DA:19,2
LF:3
LH:3
BRF:0
BRH:0
end_of_record
TN:
SF:/Users/Welly/Desktop/react-cool-starter/src/components/UserList/index.js
FN:8,(anonymous_0)
FN:12,(anonymous_1)
FNF:2
FNH:2
FNDA:2,(anonymous_0)
FNDA:2,(anonymous_1)
DA:8,2
DA:9,2
DA:13,2
DA:21,2
LF:4
LH:4
BRF:0
BRH:0
end_of_record
TN:
SF:/Users/Welly/Desktop/react-cool-starter/src/containers/App/index.js
FN:14,(anonymous_0)
FN:16,(anonymous_1)
FN:21,(anonymous_2)
FN:37,(anonymous_3)
FNF:4
FNH:4
FNDA:1,(anonymous_0)
FNDA:1,(anonymous_1)
FNDA:1,(anonymous_2)
FNDA:1,(anonymous_3)
DA:16,1
DA:17,1
DA:23,1
DA:28,1
DA:37,1
LF:5
LH:5
BRDA:19,0,0,1
BRDA:19,0,1,0
BRF:2
BRH:1
end_of_record
TN:
SF:/Users/Welly/Desktop/react-cool-starter/src/containers/Home/action.js
FN:18,(anonymous_0)
FN:19,(anonymous_1)
FN:23,(anonymous_2)
FN:26,(anonymous_3)
FN:46,(anonymous_4)
FN:47,(anonymous_5)
FNF:6
FNH:2
FNDA:2,(anonymous_0)
FNDA:2,(anonymous_1)
FNDA:0,(anonymous_2)
FNDA:0,(anonymous_3)
FNDA:0,(anonymous_4)
FNDA:0,(anonymous_5)
DA:10,3
DA:11,3
DA:12,3
DA:13,3
DA:15,3
DA:18,3
DA:19,2
DA:20,2
DA:22,2
DA:24,0
DA:27,0
DA:46,3
DA:47,0
LF:13
LH:10
BRF:0
BRH:0
end_of_record
TN:
SF:/Users/Welly/Desktop/react-cool-starter/src/containers/Home/index.js
FN:37,(anonymous_0)
FN:64,(anonymous_1)
FN:65,(anonymous_2)
FN:66,(anonymous_3)
FNF:4
FNH:1
FNDA:5,(anonymous_0)
FNDA:0,(anonymous_1)
FNDA:0,(anonymous_2)
FNDA:0,(anonymous_3)
DA:38,5
DA:40,5
DA:42,3
DA:45,2
DA:46,1
DA:49,1
DA:63,1
DA:64,0
DA:65,0
DA:66,0
LF:10
LH:7
BRDA:40,0,0,3
BRDA:40,0,1,2
BRDA:40,1,0,5
BRDA:40,1,1,4
BRDA:40,1,2,3
BRDA:45,2,0,1
BRDA:45,2,1,1
BRF:7
BRH:7
end_of_record
TN:
SF:/Users/Welly/Desktop/react-cool-starter/src/containers/Home/reducer.js
FN:21,(anonymous_0)
FNF:1
FNH:1
FNDA:4,(anonymous_0)
DA:15,1
DA:22,4
DA:24,1
DA:26,1
DA:31,1
DA:36,1
LF:6
LH:6
BRDA:21,0,0,4
BRDA:22,1,0,1
BRDA:22,1,1,1
BRDA:22,1,2,1
BRDA:22,1,3,1
BRF:5
BRH:5
end_of_record
TN:
SF:/Users/Welly/Desktop/react-cool-starter/src/containers/NotFound/index.js
FN:8,(anonymous_0)
FNF:1
FNH:1
FNDA:1,(anonymous_0)
DA:9,1
LF:1
LH:1
BRF:0
BRH:0
end_of_record
TN:
SF:/Users/Welly/Desktop/react-cool-starter/src/containers/UserInfo/action.js
FN:17,(anonymous_0)
FN:18,(anonymous_1)
FN:22,(anonymous_2)
FN:25,(anonymous_3)
FN:46,(anonymous_4)
FN:47,(anonymous_5)
FNF:6
FNH:2
FNDA:2,(anonymous_0)
FNDA:2,(anonymous_1)
FNDA:0,(anonymous_2)
FNDA:0,(anonymous_3)
FNDA:0,(anonymous_4)
FNDA:0,(anonymous_5)
DA:10,3
DA:11,3
DA:12,3
DA:14,3
DA:17,3
DA:18,2
DA:19,2
DA:21,2
DA:23,0
DA:26,0
DA:46,3
DA:47,0
LF:12
LH:9
BRF:0
BRH:0
end_of_record
TN:
SF:/Users/Welly/Desktop/react-cool-starter/src/containers/UserInfo/index.js
FN:30,(anonymous_0)
FN:36,(anonymous_1)
FN:51,(anonymous_2)
FN:62,(anonymous_3)
FN:63,(anonymous_4)
FN:64,(anonymous_5)
FNF:6
FNH:3
FNDA:5,(anonymous_0)
FNDA:5,(anonymous_1)
FNDA:5,(anonymous_2)
FNDA:0,(anonymous_3)
FNDA:0,(anonymous_4)
FNDA:0,(anonymous_5)
DA:31,5
DA:33,5
DA:37,5
DA:38,5
DA:40,5
DA:41,3
DA:44,2
DA:45,1
DA:48,1
DA:52,5
DA:61,1
DA:62,0
DA:63,0
DA:64,0
LF:14
LH:11
BRDA:40,0,0,3
BRDA:40,0,1,2
BRDA:40,1,0,5
BRDA:40,1,1,3
BRDA:44,2,0,1
BRDA:44,2,1,1
BRF:6
BRH:6
end_of_record
TN:
SF:/Users/Welly/Desktop/react-cool-starter/src/containers/UserInfo/reducer.js
FN:14,(anonymous_0)
FNF:1
FNH:1
FNDA:4,(anonymous_0)
DA:15,4
DA:17,1
DA:23,1
DA:30,1
DA:37,1
LF:5
LH:5
BRDA:14,0,0,4
BRDA:15,1,0,1
BRDA:15,1,1,1
BRDA:15,1,2,1
BRDA:15,1,3,1
BRF:5
BRH:5
end_of_record
